{"/Users/atomas/Repository/atafs/fed-react-redux-and-enzime-tests/src/index.js": {"path":"/Users/atomas/Repository/atafs/fed-react-redux-and-enzime-tests/src/index.js","statementMap":{"0":{"start":{"line":1,"column":32},"end":{"line":1,"column":110}},"1":{"start":{"line":1,"column":124},"end":{"line":1,"column":140}},"2":{"start":{"line":1,"column":155},"end":{"line":1,"column":185}},"3":{"start":{"line":2,"column":16},"end":{"line":2,"column":36}},"4":{"start":{"line":2,"column":54},"end":{"line":2,"column":87}},"5":{"start":{"line":4,"column":11},"end":{"line":4,"column":38}},"6":{"start":{"line":4,"column":51},"end":{"line":4,"column":79}},"7":{"start":{"line":4,"column":118},"end":{"line":4,"column":172}},"8":{"start":{"line":6,"column":0},"end":{"line":6,"column":181}}},"fnMap":{"0":{"name":"_interopRequireDefault","decl":{"start":{"line":4,"column":89},"end":{"line":4,"column":111}},"loc":{"start":{"line":4,"column":117},"end":{"line":4,"column":173}},"line":4}},"branchMap":{"0":{"loc":{"start":{"line":4,"column":125},"end":{"line":4,"column":171}},"type":"cond-expr","locations":[{"start":{"line":4,"column":149},"end":{"line":4,"column":152}},{"start":{"line":4,"column":155},"end":{"line":4,"column":171}}],"line":4},"1":{"loc":{"start":{"line":4,"column":125},"end":{"line":4,"column":146}},"type":"binary-expr","locations":[{"start":{"line":4,"column":125},"end":{"line":4,"column":128}},{"start":{"line":4,"column":132},"end":{"line":4,"column":146}}],"line":4}},"s":{"0":0,"1":0,"2":0,"3":0,"4":0,"5":0,"6":0,"7":0,"8":0},"f":{"0":0},"b":{"0":[0,0],"1":[0,0]}}
,"/Users/atomas/Repository/atafs/fed-react-redux-and-enzime-tests/src/setupTests.js": {"path":"/Users/atomas/Repository/atafs/fed-react-redux-and-enzime-tests/src/setupTests.js","statementMap":{"0":{"start":{"line":6,"column":0},"end":{"line":6,"column":69}}},"fnMap":{},"branchMap":{},"s":{"0":2},"f":{},"b":{},"_coverageSchema":"332fd63041d2c1bcb487cc26dd0d5f7d97098a6c","hash":"8646d32c4262083586fc07700bcd0666866e5269"}
,"/Users/atomas/Repository/atafs/fed-react-redux-and-enzime-tests/src/tempPolyfills.js": {"path":"/Users/atomas/Repository/atafs/fed-react-redux-and-enzime-tests/src/tempPolyfills.js","statementMap":{"0":{"start":{"line":1,"column":30},"end":{"line":3,"column":1}},"1":{"start":{"line":2,"column":4},"end":{"line":2,"column":28}}},"fnMap":{"0":{"name":"(anonymous_0)","decl":{"start":{"line":1,"column":61},"end":{"line":1,"column":62}},"loc":{"start":{"line":1,"column":73},"end":{"line":3,"column":1}},"line":1}},"branchMap":{},"s":{"0":2,"1":0},"f":{"0":0},"b":{},"_coverageSchema":"332fd63041d2c1bcb487cc26dd0d5f7d97098a6c","hash":"f5a2a3d489b789027becb224316853b4f1b4bff4"}
,"/Users/atomas/Repository/atafs/fed-react-redux-and-enzime-tests/src/components/App.js": {"path":"/Users/atomas/Repository/atafs/fed-react-redux-and-enzime-tests/src/components/App.js","statementMap":{"0":{"start":{"line":10,"column":19},"end":{"line":10,"column":26}},"1":{"start":{"line":14,"column":8},"end":{"line":14,"column":16}},"2":{"start":{"line":16,"column":8},"end":{"line":19,"column":9}},"3":{"start":{"line":23,"column":8},"end":{"line":23,"column":60}},"4":{"start":{"line":27,"column":32},"end":{"line":27,"column":42}},"5":{"start":{"line":28,"column":8},"end":{"line":28,"column":31}},"6":{"start":{"line":29,"column":8},"end":{"line":29,"column":33}},"7":{"start":{"line":31,"column":8},"end":{"line":31,"column":50}},"8":{"start":{"line":35,"column":8},"end":{"line":35,"column":34}},"9":{"start":{"line":36,"column":8},"end":{"line":36,"column":37}},"10":{"start":{"line":40,"column":8},"end":{"line":58,"column":9}},"11":{"start":{"line":44,"column":79},"end":{"line":44,"column":121}},"12":{"start":{"line":45,"column":43},"end":{"line":45,"column":56}},"13":{"start":{"line":49,"column":24},"end":{"line":51,"column":25}},"14":{"start":{"line":55,"column":40},"end":{"line":55,"column":52}}},"fnMap":{"0":{"name":"(anonymous_0)","decl":{"start":{"line":13,"column":4},"end":{"line":13,"column":5}},"loc":{"start":{"line":13,"column":17},"end":{"line":20,"column":5}},"line":13},"1":{"name":"(anonymous_1)","decl":{"start":{"line":22,"column":4},"end":{"line":22,"column":5}},"loc":{"start":{"line":22,"column":24},"end":{"line":24,"column":5}},"line":22},"2":{"name":"(anonymous_2)","decl":{"start":{"line":26,"column":4},"end":{"line":26,"column":5}},"loc":{"start":{"line":26,"column":13},"end":{"line":32,"column":5}},"line":26},"3":{"name":"(anonymous_3)","decl":{"start":{"line":34,"column":4},"end":{"line":34,"column":5}},"loc":{"start":{"line":34,"column":12},"end":{"line":37,"column":5}},"line":34},"4":{"name":"(anonymous_4)","decl":{"start":{"line":39,"column":4},"end":{"line":39,"column":5}},"loc":{"start":{"line":39,"column":13},"end":{"line":59,"column":5}},"line":39},"5":{"name":"(anonymous_5)","decl":{"start":{"line":44,"column":70},"end":{"line":44,"column":71}},"loc":{"start":{"line":44,"column":79},"end":{"line":44,"column":121}},"line":44},"6":{"name":"(anonymous_6)","decl":{"start":{"line":45,"column":37},"end":{"line":45,"column":38}},"loc":{"start":{"line":45,"column":43},"end":{"line":45,"column":56}},"line":45},"7":{"name":"(anonymous_7)","decl":{"start":{"line":48,"column":42},"end":{"line":48,"column":43}},"loc":{"start":{"line":48,"column":59},"end":{"line":52,"column":21}},"line":48},"8":{"name":"(anonymous_8)","decl":{"start":{"line":55,"column":34},"end":{"line":55,"column":35}},"loc":{"start":{"line":55,"column":40},"end":{"line":55,"column":52}},"line":55}},"branchMap":{},"s":{"0":1,"1":2,"2":2,"3":2,"4":3,"5":3,"6":3,"7":3,"8":4,"9":4,"10":15,"11":4,"12":3,"13":4,"14":4},"f":{"0":2,"1":2,"2":3,"3":4,"4":15,"5":4,"6":3,"7":4,"8":4},"b":{},"_coverageSchema":"332fd63041d2c1bcb487cc26dd0d5f7d97098a6c","hash":"186a8ff05f82373e1172d8b0de1c826838b27327"}
,"/Users/atomas/Repository/atafs/fed-react-redux-and-enzime-tests/src/components/Note.js": {"path":"/Users/atomas/Repository/atafs/fed-react-redux-and-enzime-tests/src/components/Note.js","statementMap":{"0":{"start":{"line":5,"column":8},"end":{"line":9,"column":9}}},"fnMap":{"0":{"name":"(anonymous_0)","decl":{"start":{"line":4,"column":4},"end":{"line":4,"column":5}},"loc":{"start":{"line":4,"column":13},"end":{"line":10,"column":5}},"line":4}},"branchMap":{},"s":{"0":5},"f":{"0":5},"b":{},"_coverageSchema":"332fd63041d2c1bcb487cc26dd0d5f7d97098a6c","hash":"a3b4ad627589d0f46e80720007f1f315df6cc96b"}
}
