TN:
SF:/Users/atomas/Repository/atafs/fed-react-redux-and-enzime-tests/src/index.js
FN:4,_interopRequireDefault
FNF:1
FNH:0
FNDA:0,_interopRequireDefault
DA:1,0
DA:2,0
DA:4,0
DA:6,0
LF:4
LH:0
BRDA:4,0,0,0
BRDA:4,0,1,0
BRDA:4,1,0,0
BRDA:4,1,1,0
BRF:4
BRH:0
end_of_record
TN:
SF:/Users/atomas/Repository/atafs/fed-react-redux-and-enzime-tests/src/setupTests.js
FNF:0
FNH:0
DA:6,2
LF:1
LH:1
BRF:0
BRH:0
end_of_record
TN:
SF:/Users/atomas/Repository/atafs/fed-react-redux-and-enzime-tests/src/tempPolyfills.js
FN:1,(anonymous_0)
FNF:1
FNH:0
FNDA:0,(anonymous_0)
DA:1,2
DA:2,0
LF:2
LH:1
BRF:0
BRH:0
end_of_record
TN:
SF:/Users/atomas/Repository/atafs/fed-react-redux-and-enzime-tests/src/components/App.js
FN:13,(anonymous_0)
FN:22,(anonymous_1)
FN:26,(anonymous_2)
FN:34,(anonymous_3)
FN:39,(anonymous_4)
FN:44,(anonymous_5)
FN:45,(anonymous_6)
FN:48,(anonymous_7)
FN:55,(anonymous_8)
FNF:9
FNH:9
FNDA:2,(anonymous_0)
FNDA:2,(anonymous_1)
FNDA:3,(anonymous_2)
FNDA:4,(anonymous_3)
FNDA:15,(anonymous_4)
FNDA:4,(anonymous_5)
FNDA:3,(anonymous_6)
FNDA:4,(anonymous_7)
FNDA:4,(anonymous_8)
DA:10,1
DA:14,2
DA:16,2
DA:23,2
DA:27,3
DA:28,3
DA:29,3
DA:31,3
DA:35,4
DA:36,4
DA:40,15
DA:44,4
DA:45,3
DA:49,4
DA:55,4
LF:15
LH:15
BRF:0
BRH:0
end_of_record
TN:
SF:/Users/atomas/Repository/atafs/fed-react-redux-and-enzime-tests/src/components/Note.js
FN:4,(anonymous_0)
FNF:1
FNH:1
FNDA:5,(anonymous_0)
DA:5,5
LF:1
LH:1
BRF:0
BRH:0
end_of_record
